#
# A fatal error has been detected by the Java Runtime Environment:
#
#  Internal Error (methodData.cpp:1025), pid=13252, tid=139771919693568
#  Error: ShouldNotReachHere()
#
# JRE version: Java(TM) SE Runtime Environment (8.0_72-b15) (build 1.8.0_72-b15)
# Java VM: Java HotSpot(TM) 64-Bit Server VM (25.72-b15 mixed mode linux-amd64 compressed oops)
# Failed to write core dump. Core dumps have been disabled. To enable core dumping, try "ulimit -c unlimited" before starting Java again
#
# If you would like to submit a bug report, please visit:
#   http://bugreport.java.com/bugreport/crash.jsp
#

---------------  T H R E A D  ---------------

Current thread (0x00007f1f4c0d6000):  JavaThread "C1 CompilerThread2" daemon [_thread_in_vm, id=13278, stack(0x00007f1f2f8f7000,0x00007f1f2f9f8000)]

Stack: [0x00007f1f2f8f7000,0x00007f1f2f9f8000],  sp=0x00007f1f2f9f5b90,  free space=1018k
Native frames: (J=compiled Java code, j=interpreted, Vv=VM code, C=native code)
V  [libjvm.so+0xaba7ea]  VMError::report_and_die()+0x2ba
V  [libjvm.so+0x4f9822]  report_should_not_reach_here(char const*, int)+0x52
V  [libjvm.so+0x8b3072]  DataLayout::data_in()+0x22
V  [libjvm.so+0x431191]  ciMethodData::load_data()+0x1a1
V  [libjvm.so+0x423787]  ciMethod::ensure_method_data(methodHandle)+0xa7
V  [libjvm.so+0x4249d7]  ciMethod::ensure_method_data()+0xa7
V  [libjvm.so+0x36ec65]  GraphBuilder::try_inline_full(ciMethod*, bool, Bytecodes::Code, Instruction*)+0x545
V  [libjvm.so+0x36f2af]  GraphBuilder::try_inline(ciMethod*, bool, Bytecodes::Code, Instruction*)+0x11f
V  [libjvm.so+0x3703f2]  GraphBuilder::invoke(Bytecodes::Code)+0xbc2
V  [libjvm.so+0x36cb1d]  GraphBuilder::iterate_bytecodes_for_block(int)+0x6ad
V  [libjvm.so+0x36e6c2]  GraphBuilder::iterate_all_blocks(bool)+0xf2
V  [libjvm.so+0x3711a7]  GraphBuilder::GraphBuilder(Compilation*, IRScope*)+0x527
V  [libjvm.so+0x379b27]  IRScope::IRScope(Compilation*, IRScope*, int, ciMethod*, int, bool)+0x1e7
V  [libjvm.so+0x379c3f]  IR::IR(Compilation*, ciMethod*, int)+0x9f
V  [libjvm.so+0x358bcb]  Compilation::build_hir()+0xdb
V  [libjvm.so+0x358f8e]  Compilation::compile_java_method()+0x6e
V  [libjvm.so+0x3590be]  Compilation::compile_method()+0x4e
V  [libjvm.so+0x35942e]  Compilation::Compilation(AbstractCompiler*, ciEnv*, ciMethod*, int, BufferBlob*)+0x25e
V  [libjvm.so+0x35a1d9]  Compiler::compile_method(ciEnv*, ciMethod*, int)+0xa9
V  [libjvm.so+0x4ad37a]  CompileBroker::invoke_compiler_on_method(CompileTask*)+0xc9a
V  [libjvm.so+0x4ae326]  CompileBroker::compiler_thread_loop()+0x5d6
V  [libjvm.so+0xa69dcf]  JavaThread::thread_main_inner()+0xdf
V  [libjvm.so+0xa69efc]  JavaThread::run()+0x11c
V  [libjvm.so+0x91d9d8]  java_start(Thread*)+0x108
C  [libpthread.so.0+0x76aa]  start_thread+0xca


Current CompileTask:
C1:   3593 1968   !   3       java.util.zip.ZipFile::close (223 bytes)


---------------  P R O C E S S  ---------------

Java Threads: ( => current thread )
  0x00007f1f4c0d9800 JavaThread "Service Thread" daemon [_thread_blocked, id=13284, stack(0x00007f1f2f7f6000,0x00007f1f2f8f7000)]
=>0x00007f1f4c0d6000 JavaThread "C1 CompilerThread2" daemon [_thread_in_vm, id=13278, stack(0x00007f1f2f8f7000,0x00007f1f2f9f8000)]
  0x00007f1f4c0d4000 JavaThread "C2 CompilerThread1" daemon [_thread_in_native, id=13277, stack(0x00007f1f2f9f8000,0x00007f1f2faf9000)]
  0x00007f1f4c0d1000 JavaThread "C2 CompilerThread0" daemon [_thread_in_native, id=13276, stack(0x00007f1f2faf9000,0x00007f1f2fbfa000)]
  0x00007f1f14001000 JavaThread "JDWP Command Reader" daemon [_thread_in_native, id=13275, stack(0x00007f1f2fbfa000,0x00007f1f2fcfb000)]
  0x00007f1f4c0cf000 JavaThread "JDWP Event Helper Thread" daemon [_thread_blocked, id=13274, stack(0x00007f1f2fcfb000,0x00007f1f2fdfc000)]
  0x00007f1f4c0cb800 JavaThread "JDWP Transport Listener: dt_socket" daemon [_thread_blocked, id=13271, stack(0x00007f1f340af000,0x00007f1f341b0000)]
  0x00007f1f4c0bd000 JavaThread "Signal Dispatcher" daemon [_thread_blocked, id=13270, stack(0x00007f1f3c06d000,0x00007f1f3c16e000)]
  0x00007f1f4c08b000 JavaThread "Finalizer" daemon [_thread_blocked, id=13260, stack(0x00007f1f3c16e000,0x00007f1f3c26f000)]
  0x00007f1f4c086800 JavaThread "Reference Handler" daemon [_thread_blocked, id=13259, stack(0x00007f1f3c26f000,0x00007f1f3c370000)]
  0x00007f1f4c010800 JavaThread "main" [_thread_in_Java, id=13253, stack(0x00007f1f55a79000,0x00007f1f55b7a000)]

Other Threads:
  0x00007f1f4c07e800 VMThread [stack: 0x00007f1f3c370000,0x00007f1f3c471000] [id=13258]
  0x00007f1f4c0dc800 WatcherThread [stack: 0x00007f1f2f6f5000,0x00007f1f2f7f6000] [id=13285]

VM state:not at safepoint (normal execution)

VM Mutex/Monitor currently owned by a thread: None

Heap:
 PSYoungGen      total 70656K, used 51190K [0x00000000d6780000, 0x00000000df180000, 0x0000000100000000)
  eden space 65536K, 70% used [0x00000000d6780000,0x00000000d9482d50,0x00000000da780000)
  from space 5120K, 99% used [0x00000000da780000,0x00000000dac7ac40,0x00000000dac80000)
  to   space 5120K, 0% used [0x00000000dec80000,0x00000000dec80000,0x00000000df180000)
 ParOldGen       total 86016K, used 14721K [0x0000000083600000, 0x0000000088a00000, 0x00000000d6780000)
  object space 86016K, 17% used [0x0000000083600000,0x00000000844606f0,0x0000000088a00000)
 Metaspace       used 20155K, capacity 20386K, committed 20736K, reserved 1067008K
  class space    used 2411K, capacity 2482K, committed 2560K, reserved 1048576K

Card table byte_map: [0x00007f1f51932000,0x00007f1f51d18000] byte_map_base: 0x00007f1f51517000

Marking Bits: (ParMarkBitMap*) 0x00007f1f54f4f100
 Begin Bits: [0x00007f1f341b0000, 0x00007f1f360d8000)
 End Bits:   [0x00007f1f360d8000, 0x00007f1f38000000)

Polling page: 0x00007f1f55b9c000

CodeCache: size=245760Kb used=7280Kb max_used=7280Kb free=238479Kb
 bounds [0x00007f1f3d000000, 0x00007f1f3d730000, 0x00007f1f4c000000]
 total_blobs=2271 nmethods=1929 adapters=265
 compilation: enabled

Compilation events (10 events):
Event: 3.569 Thread 0x00007f1f4c0d6000 nmethod 1960 0x00007f1f3d71e1d0 code [0x00007f1f3d71e380, 0x00007f1f3d71ea18]
Event: 3.572 Thread 0x00007f1f4c0d6000 1962       3       java.util.LinkedHashMap::afterNodeInsertion (40 bytes)
Event: 3.573 Thread 0x00007f1f4c0d6000 nmethod 1962 0x00007f1f3d71eb90 code [0x00007f1f3d71ed40, 0x00007f1f3d71f288]
Event: 3.574 Thread 0x00007f1f4c0d6000 1963       3       java.nio.charset.CharsetEncoder::onUnmappableCharacter (26 bytes)
Event: 3.575 Thread 0x00007f1f4c0d6000 nmethod 1963 0x00007f1f3d71f790 code [0x00007f1f3d71f920, 0x00007f1f3d71fc88]
Event: 3.575 Thread 0x00007f1f4c0d6000 1964       3       java.nio.charset.CharsetEncoder::implOnUnmappableCharacter (1 bytes)
Event: 3.575 Thread 0x00007f1f4c0d6000 nmethod 1964 0x00007f1f3d71fd90 code [0x00007f1f3d71fee0, 0x00007f1f3d720030]
Event: 3.579 Thread 0x00007f1f4c0d6000 1966       3       sun.net.www.protocol.jar.URLJarFile::close (22 bytes)
Event: 3.580 Thread 0x00007f1f4c0d6000 nmethod 1966 0x00007f1f3d720090 code [0x00007f1f3d720220, 0x00007f1f3d720478]
Event: 3.580 Thread 0x00007f1f4c0d6000 1968   !   3       java.util.zip.ZipFile::close (223 bytes)

GC Heap History (6 events):
Event: 1.144 GC heap before
{Heap before GC invocations=1 (full 0):
 PSYoungGen      total 37888K, used 32768K [0x00000000d6780000, 0x00000000d9180000, 0x0000000100000000)
  eden space 32768K, 100% used [0x00000000d6780000,0x00000000d8780000,0x00000000d8780000)
  from space 5120K, 0% used [0x00000000d8c80000,0x00000000d8c80000,0x00000000d9180000)
  to   space 5120K, 0% used [0x00000000d8780000,0x00000000d8780000,0x00000000d8c80000)
 ParOldGen       total 86016K, used 0K [0x0000000083600000, 0x0000000088a00000, 0x00000000d6780000)
  object space 86016K, 0% used [0x0000000083600000,0x0000000083600000,0x0000000088a00000)
 Metaspace       used 9380K, capacity 9450K, committed 9728K, reserved 1058816K
  class space    used 1147K, capacity 1171K, committed 1280K, reserved 1048576K
Event: 1.162 GC heap after
Heap after GC invocations=1 (full 0):
 PSYoungGen      total 37888K, used 5113K [0x00000000d6780000, 0x00000000db180000, 0x0000000100000000)
  eden space 32768K, 0% used [0x00000000d6780000,0x00000000d6780000,0x00000000d8780000)
  from space 5120K, 99% used [0x00000000d8780000,0x00000000d8c7e5e8,0x00000000d8c80000)
  to   space 5120K, 0% used [0x00000000dac80000,0x00000000dac80000,0x00000000db180000)
 ParOldGen       total 86016K, used 3329K [0x0000000083600000, 0x0000000088a00000, 0x00000000d6780000)
  object space 86016K, 3% used [0x0000000083600000,0x00000000839405e0,0x0000000088a00000)
 Metaspace       used 9380K, capacity 9450K, committed 9728K, reserved 1058816K
  class space    used 1147K, capacity 1171K, committed 1280K, reserved 1048576K
}
Event: 1.714 GC heap before
{Heap before GC invocations=2 (full 0):
 PSYoungGen      total 37888K, used 37881K [0x00000000d6780000, 0x00000000db180000, 0x0000000100000000)
  eden space 32768K, 100% used [0x00000000d6780000,0x00000000d8780000,0x00000000d8780000)
  from space 5120K, 99% used [0x00000000d8780000,0x00000000d8c7e5e8,0x00000000d8c80000)
  to   space 5120K, 0% used [0x00000000dac80000,0x00000000dac80000,0x00000000db180000)
 ParOldGen       total 86016K, used 3329K [0x0000000083600000, 0x0000000088a00000, 0x00000000d6780000)
  object space 86016K, 3% used [0x0000000083600000,0x00000000839405e0,0x0000000088a00000)
 Metaspace       used 14745K, capacity 14896K, committed 14976K, reserved 1062912K
  class space    used 1801K, capacity 1860K, committed 1920K, reserved 1048576K
Event: 1.735 GC heap after
Heap after GC invocations=2 (full 0):
 PSYoungGen      total 70656K, used 5112K [0x00000000d6780000, 0x00000000db180000, 0x0000000100000000)
  eden space 65536K, 0% used [0x00000000d6780000,0x00000000d6780000,0x00000000da780000)
  from space 5120K, 99% used [0x00000000dac80000,0x00000000db17e170,0x00000000db180000)
  to   space 5120K, 0% used [0x00000000da780000,0x00000000da780000,0x00000000dac80000)
 ParOldGen       total 86016K, used 8027K [0x0000000083600000, 0x0000000088a00000, 0x00000000d6780000)
  object space 86016K, 9% used [0x0000000083600000,0x0000000083dd6f28,0x0000000088a00000)
 Metaspace       used 14745K, capacity 14896K, committed 14976K, reserved 1062912K
  class space    used 1801K, capacity 1860K, committed 1920K, reserved 1048576K
}
Event: 3.261 GC heap before
{Heap before GC invocations=3 (full 0):
 PSYoungGen      total 70656K, used 70648K [0x00000000d6780000, 0x00000000db180000, 0x0000000100000000)
  eden space 65536K, 100% used [0x00000000d6780000,0x00000000da780000,0x00000000da780000)
  from space 5120K, 99% used [0x00000000dac80000,0x00000000db17e170,0x00000000db180000)
  to   space 5120K, 0% used [0x00000000da780000,0x00000000da780000,0x00000000dac80000)
 ParOldGen       total 86016K, used 8027K [0x0000000083600000, 0x0000000088a00000, 0x00000000d6780000)
  object space 86016K, 9% used [0x0000000083600000,0x0000000083dd6f28,0x0000000088a00000)
 Metaspace       used 19646K, capacity 19856K, committed 20096K, reserved 1067008K
  class space    used 2346K, capacity 2415K, committed 2432K, reserved 1048576K
Event: 3.285 GC heap after
Heap after GC invocations=3 (full 0):
 PSYoungGen      total 70656K, used 5099K [0x00000000d6780000, 0x00000000df180000, 0x0000000100000000)
  eden space 65536K, 0% used [0x00000000d6780000,0x00000000d6780000,0x00000000da780000)
  from space 5120K, 99% used [0x00000000da780000,0x00000000dac7ac40,0x00000000dac80000)
  to   space 5120K, 0% used [0x00000000dec80000,0x00000000dec80000,0x00000000df180000)
 ParOldGen       total 86016K, used 14721K [0x0000000083600000, 0x0000000088a00000, 0x00000000d6780000)
  object space 86016K, 17% used [0x0000000083600000,0x00000000844606f0,0x0000000088a00000)
 Metaspace       used 19646K, capacity 19856K, committed 20096K, reserved 1067008K
  class space    used 2346K, capacity 2415K, committed 2432K, reserved 1048576K
}

Deoptimization events (10 events):
Event: 2.319 Thread 0x00007f1f4c010800 Uncommon trap: reason=class_check action=maybe_recompile pc=0x00007f1f3d2f4574 method=java.util.HashMap.putVal(ILjava/lang/Object;Ljava/lang/Object;ZZ)Ljava/lang/Object; @ 203
Event: 2.370 Thread 0x00007f1f4c5b6000 Uncommon trap: reason=unstable_if action=reinterpret pc=0x00007f1f3d29ae30 method=sun.misc.MetaIndex.mayContain(Ljava/lang/String;)Z @ 38
Event: 2.383 Thread 0x00007f1f4c010800 Uncommon trap: reason=bimorphic action=maybe_recompile pc=0x00007f1f3d2f4450 method=java.util.HashMap.putVal(ILjava/lang/Object;Ljava/lang/Object;ZZ)Ljava/lang/Object; @ 253
Event: 2.383 Thread 0x00007f1f4c010800 Uncommon trap: reason=bimorphic action=maybe_recompile pc=0x00007f1f3d2f4450 method=java.util.HashMap.putVal(ILjava/lang/Object;Ljava/lang/Object;ZZ)Ljava/lang/Object; @ 253
Event: 2.383 Thread 0x00007f1f4c010800 Uncommon trap: reason=bimorphic action=maybe_recompile pc=0x00007f1f3d2f4450 method=java.util.HashMap.putVal(ILjava/lang/Object;Ljava/lang/Object;ZZ)Ljava/lang/Object; @ 253
Event: 2.383 Thread 0x00007f1f4c010800 Uncommon trap: reason=bimorphic action=maybe_recompile pc=0x00007f1f3d2f4450 method=java.util.HashMap.putVal(ILjava/lang/Object;Ljava/lang/Object;ZZ)Ljava/lang/Object; @ 253
Event: 2.603 Thread 0x00007f1f4c010800 Uncommon trap: reason=unstable_if action=reinterpret pc=0x00007f1f3d49564c method=java.util.regex.Pattern$Slice.match(Ljava/util/regex/Matcher;ILjava/lang/CharSequence;)Z @ 29
Event: 3.161 Thread 0x00007f1f4c010800 Uncommon trap: reason=unstable_if action=reinterpret pc=0x00007f1f3d5c59d0 method=java.util.AbstractCollection.isEmpty()Z @ 4
Event: 3.489 Thread 0x00007f1f4c010800 Uncommon trap: reason=predicate action=maybe_recompile pc=0x00007f1f3d6cf868 method=java.util.AbstractCollection.toArray([Ljava/lang/Object;)[Ljava/lang/Object; @ 49
Event: 3.564 Thread 0x00007f1f4c010800 Uncommon trap: reason=unstable_if action=reinterpret pc=0x00007f1f3d5480e4 method=java.util.LinkedHashMap.afterNodeInsertion(Z)V @ 18

Internal exceptions (10 events):
Event: 2.244 Thread 0x00007f1f4c010800 Exception <a 'java/lang/ClassNotFoundException': groovy/lang/ExpandoMetaClassBeanInfo> (0x00000000d75d1b28) thrown at [/HUDSON/workspace/8-2-build-linux-amd64/jdk8u72/5732/hotspot/src/share/vm/classfile/systemDictionary.cpp, line 210]
Event: 2.248 Thread 0x00007f1f4c010800 Exception <a 'java/lang/ClassNotFoundException': groovy/lang/MetaClassImplBeanInfo> (0x00000000d75e01d8) thrown at [/HUDSON/workspace/8-2-build-linux-amd64/jdk8u72/5732/hotspot/src/share/vm/classfile/systemDictionary.cpp, line 210]
Event: 2.248 Thread 0x00007f1f4c010800 Exception <a 'java/lang/ClassNotFoundException': java/lang/ObjectBeanInfo> (0x00000000d75e69e8) thrown at [/HUDSON/workspace/8-2-build-linux-amd64/jdk8u72/5732/hotspot/src/share/vm/classfile/systemDictionary.cpp, line 210]
Event: 2.249 Thread 0x00007f1f4c010800 Exception <a 'java/lang/ClassNotFoundException': java/lang/ObjectCustomizer> (0x00000000d75ed1a8) thrown at [/HUDSON/workspace/8-2-build-linux-amd64/jdk8u72/5732/hotspot/src/share/vm/classfile/systemDictionary.cpp, line 210]
Event: 2.250 Thread 0x00007f1f4c010800 Exception <a 'java/lang/ClassNotFoundException': groovy/lang/MetaClassImplCustomizer> (0x00000000d7601038) thrown at [/HUDSON/workspace/8-2-build-linux-amd64/jdk8u72/5732/hotspot/src/share/vm/classfile/systemDictionary.cpp, line 210]
Event: 2.257 Thread 0x00007f1f4c010800 Exception <a 'java/lang/ClassNotFoundException': groovy/lang/ExpandoMetaClassCustomizer> (0x00000000d77b3758) thrown at [/HUDSON/workspace/8-2-build-linux-amd64/jdk8u72/5732/hotspot/src/share/vm/classfile/systemDictionary.cpp, line 210]
Event: 2.296 Thread 0x00007f1f4c010800 Exception <a 'java/lang/ClassNotFoundException': org/springframework/beans/factory/groovy/GroovyBeanDefinitionReaderBeanInfo> (0x00000000d794d3b8) thrown at [/HUDSON/workspace/8-2-build-linux-amd64/jdk8u72/5732/hotspot/src/share/vm/classfile/systemDiction
Event: 2.297 Thread 0x00007f1f4c010800 Exception <a 'java/lang/ClassNotFoundException': org/springframework/beans/factory/support/AbstractBeanDefinitionReaderBeanInfo> (0x00000000d7967688) thrown at [/HUDSON/workspace/8-2-build-linux-amd64/jdk8u72/5732/hotspot/src/share/vm/classfile/systemDict
Event: 2.298 Thread 0x00007f1f4c010800 Exception <a 'java/lang/ClassNotFoundException': org/springframework/beans/factory/support/AbstractBeanDefinitionReaderCustomizer> (0x00000000d7982130) thrown at [/HUDSON/workspace/8-2-build-linux-amd64/jdk8u72/5732/hotspot/src/share/vm/classfile/systemDi
Event: 2.300 Thread 0x00007f1f4c010800 Exception <a 'java/lang/ClassNotFoundException': org/springframework/beans/factory/groovy/GroovyBeanDefinitionReaderCustomizer> (0x00000000d79b08c0) thrown at [/HUDSON/workspace/8-2-build-linux-amd64/jdk8u72/5732/hotspot/src/share/vm/classfile/systemDicti

Events (10 events):
Event: 3.533 loading class javax/persistence/Transient done
Event: 3.550 loading class com/fasterxml/jackson/annotation/JsonIgnoreProperties
Event: 3.550 loading class com/fasterxml/jackson/annotation/JsonIgnoreProperties done
Event: 3.551 loading class com/fasterxml/jackson/annotation/JsonIgnore
Event: 3.551 loading class com/fasterxml/jackson/annotation/JsonIgnore done
Event: 3.553 loading class org/springframework/data/annotation/PersistenceConstructor
Event: 3.553 loading class org/springframework/data/annotation/PersistenceConstructor done
Event: 3.564 Thread 0x00007f1f4c010800 Uncommon trap: trap_request=0xffffff65 fr.pc=0x00007f1f3d5480e4
Event: 3.564 Thread 0x00007f1f4c010800 DEOPT PACKING pc=0x00007f1f3d5480e4 sp=0x00007f1f55b77cd0
Event: 3.564 Thread 0x00007f1f4c010800 DEOPT UNPACKING pc=0x00007f1f3d004f69 sp=0x00007f1f55b77c78 mode 2


Dynamic libraries:
00400000-00401000 r-xp 00000000 08:01 25299822                           /usr/lib/jvm/java-8-oracle/bin/java
00600000-00601000 rw-p 00000000 08:01 25299822                           /usr/lib/jvm/java-8-oracle/bin/java
01ff6000-02017000 rw-p 00000000 00:00 0                                  [heap]
83600000-88a00000 rw-p 00000000 00:00 0 
88a00000-d6780000 ---p 00000000 00:00 0 
d6780000-df180000 rw-p 00000000 00:00 0 
df180000-100000000 ---p 00000000 00:00 0 
100000000-100280000 rw-p 00000000 00:00 0 
100280000-140000000 ---p 00000000 00:00 0 
7f1ef0000000-7f1ef0021000 rw-p 00000000 00:00 0 
7f1ef0021000-7f1ef4000000 ---p 00000000 00:00 0 
7f1ef4000000-7f1ef42af000 rw-p 00000000 00:00 0 
7f1ef42af000-7f1ef8000000 ---p 00000000 00:00 0 
7f1ef8000000-7f1ef897d000 rw-p 00000000 00:00 0 
7f1ef897d000-7f1efc000000 ---p 00000000 00:00 0 
7f1efc000000-7f1efc021000 rw-p 00000000 00:00 0 
7f1efc021000-7f1f00000000 ---p 00000000 00:00 0 
7f1f00000000-7f1f00a9e000 rw-p 00000000 00:00 0 
7f1f00a9e000-7f1f04000000 ---p 00000000 00:00 0 
7f1f04000000-7f1f04737000 rw-p 00000000 00:00 0 
7f1f04737000-7f1f08000000 ---p 00000000 00:00 0 
7f1f08000000-7f1f08045000 rw-p 00000000 00:00 0 
7f1f08045000-7f1f0c000000 ---p 00000000 00:00 0 
7f1f0c000000-7f1f0c021000 rw-p 00000000 00:00 0 
7f1f0c021000-7f1f10000000 ---p 00000000 00:00 0 
7f1f10000000-7f1f10021000 rw-p 00000000 00:00 0 
7f1f10021000-7f1f14000000 ---p 00000000 00:00 0 
7f1f14000000-7f1f14021000 rw-p 00000000 00:00 0 
7f1f14021000-7f1f18000000 ---p 00000000 00:00 0 
7f1f18000000-7f1f18021000 rw-p 00000000 00:00 0 
7f1f18021000-7f1f1c000000 ---p 00000000 00:00 0 
7f1f1c000000-7f1f1c021000 rw-p 00000000 00:00 0 
7f1f1c021000-7f1f20000000 ---p 00000000 00:00 0 
7f1f20000000-7f1f20021000 rw-p 00000000 00:00 0 
7f1f20021000-7f1f24000000 ---p 00000000 00:00 0 
7f1f24000000-7f1f24021000 rw-p 00000000 00:00 0 
7f1f24021000-7f1f28000000 ---p 00000000 00:00 0 
7f1f28000000-7f1f28021000 rw-p 00000000 00:00 0 
7f1f28021000-7f1f2c000000 ---p 00000000 00:00 0 
7f1f2e073000-7f1f2e235000 rw-p 00000000 00:00 0 
7f1f2e235000-7f1f2e275000 ---p 00000000 00:00 0 
7f1f2e275000-7f1f2e30b000 r--s 01102000 08:01 25299732                   /usr/lib/jvm/java-8-oracle/jre/lib/ext/jfxrt.jar
7f1f2e30b000-7f1f2e31c000 r-xp 00000000 08:01 25299656                   /usr/lib/jvm/java-8-oracle/jre/lib/amd64/libnio.so
7f1f2e31c000-7f1f2e51b000 ---p 00011000 08:01 25299656                   /usr/lib/jvm/java-8-oracle/jre/lib/amd64/libnio.so
7f1f2e51b000-7f1f2e51c000 rw-p 00010000 08:01 25299656                   /usr/lib/jvm/java-8-oracle/jre/lib/amd64/libnio.so
7f1f2e51c000-7f1f2e71c000 rw-p 00000000 00:00 0 
7f1f2e71c000-7f1f2e91c000 rw-p 00000000 00:00 0 
7f1f2e91c000-7f1f2eb1c000 rw-p 00000000 00:00 0 
7f1f2eb1c000-7f1f2ee1d000 rw-p 00000000 00:00 0 
7f1f2ee1d000-7f1f2ee33000 r-xp 00000000 08:01 25299628                   /usr/lib/jvm/java-8-oracle/jre/lib/amd64/libnet.so
7f1f2ee33000-7f1f2f033000 ---p 00016000 08:01 25299628                   /usr/lib/jvm/java-8-oracle/jre/lib/amd64/libnet.so
7f1f2f033000-7f1f2f034000 rw-p 00016000 08:01 25299628                   /usr/lib/jvm/java-8-oracle/jre/lib/amd64/libnet.so
7f1f2f034000-7f1f2f03d000 r-xp 00000000 08:01 25299612                   /usr/lib/jvm/java-8-oracle/jre/lib/amd64/libmanagement.so
7f1f2f03d000-7f1f2f23c000 ---p 00009000 08:01 25299612                   /usr/lib/jvm/java-8-oracle/jre/lib/amd64/libmanagement.so
7f1f2f23c000-7f1f2f23d000 rw-p 00008000 08:01 25299612                   /usr/lib/jvm/java-8-oracle/jre/lib/amd64/libmanagement.so
7f1f2f23d000-7f1f2f43d000 rw-p 00000000 00:00 0 
7f1f2f43d000-7f1f2f443000 r--s 002f8000 08:01 25172430                   /usr/lib/jvm/java-8-oracle/jre/lib/charsets.jar
7f1f2f443000-7f1f2f446000 ---p 00000000 00:00 0 
7f1f2f446000-7f1f2f544000 rw-p 00000000 00:00 0 
7f1f2f544000-7f1f2f546000 r--s 0001e000 08:01 2101587                    /home/adamm/Programs/idea-IU-15/lib/idea_rt.jar
7f1f2f546000-7f1f2f547000 r--s 0002b000 08:01 1311383                    /home/adamm/.m2/repository/org/webjars/jquery/1.11.1/jquery-1.11.1.jar
7f1f2f547000-7f1f2f54b000 r--s 00053000 08:01 6553907                    /home/adamm/.m2/repository/org/webjars/bootstrap/3.3.1/bootstrap-3.3.1.jar
7f1f2f54b000-7f1f2f579000 r--s 00324000 08:01 6553908                    /home/adamm/.m2/repository/org/webjars/angularjs/1.4.0/angularjs-1.4.0.jar
7f1f2f579000-7f1f2f5c5000 r--s 0040d000 08:01 6425634                    /home/adamm/.m2/repository/org/codehaus/groovy/groovy/2.4.6/groovy-2.4.6.jar
7f1f2f5c5000-7f1f2f5c8000 r--s 00017000 08:01 6425633                    /home/adamm/.m2/repository/nz/net/ultraq/thymeleaf/thymeleaf-layout-dialect/1.3.3/thymeleaf-layout-dialect-1.3.3.jar
7f1f2f5c8000-7f1f2f5cb000 r--s 00020000 08:01 6425628                    /home/adamm/.m2/repository/org/unbescape/unbescape/1.1.0.RELEASE/unbescape-1.1.0.RELEASE.jar
7f1f2f5cb000-7f1f2f5ce000 r--s 00035000 08:01 6425627                    /home/adamm/.m2/repository/ognl/ognl/3.0.8/ognl-3.0.8.jar
7f1f2f5ce000-7f1f2f5db000 r--s 000b7000 08:01 6425626                    /home/adamm/.m2/repository/org/thymeleaf/thymeleaf/2.1.4.RELEASE/thymeleaf-2.1.4.RELEASE.jar
7f1f2f5db000-7f1f2f5de000 r--s 00034000 08:01 6425625                    /home/adamm/.m2/repository/org/thymeleaf/thymeleaf-spring4/2.1.4.RELEASE/thymeleaf-spring4-2.1.4.RELEASE.jar
7f1f2f5de000-7f1f2f5df000 r--s 00000000 08:01 6425618                    /home/adamm/.m2/repository/org/springframework/boot/spring-boot-starter-thymeleaf/1.3.3.RELEASE/spring-boot-starter-thymeleaf-1.3.3.RELEASE.jar
7f1f2f5df000-7f1f2f5e9000 r--s 000e7000 08:01 6424926                    /home/adamm/.m2/repository/mysql/mysql-connector-java/5.1.38/mysql-connector-java-5.1.38.jar
7f1f2f5e9000-7f1f2f5ec000 r--s 0000c000 08:01 6424924                    /home/adamm/.m2/repository/org/springframework/spring-aspects/4.2.5.RELEASE/spring-aspects-4.2.5.RELEASE.jar
7f1f2f5ec000-7f1f2f5ee000 r--s 00003000 08:01 6425516                    /home/adamm/.m2/repository/org/slf4j/jcl-over-slf4j/1.7.16/jcl-over-slf4j-1.7.16.jar
7f1f2f5ee000-7f1f2f5ef000 r--s 00009000 08:01 6425632                    /home/adamm/.m2/repository/org/slf4j/slf4j-api/1.7.16/slf4j-api-1.7.16.jar
7f1f2f5ef000-7f1f2f5f6000 r--s 0003a000 08:01 4981430                    /home/adamm/.m2/repository/org/springframework/spring-tx/4.2.5.RELEASE/spring-tx-4.2.5.RELEASE.jar
7f1f2f5f6000-7f1f2f600000 r--s 00068000 08:01 6424920                    /home/adamm/.m2/repository/org/springframework/spring-orm/4.2.5.RELEASE/spring-orm-4.2.5.RELEASE.jar
7f1f2f600000-7f1f2f60f000 r--s 0008d000 08:01 6424919                    /home/adamm/.m2/repository/org/springframework/data/spring-data-commons/1.11.4.RELEASE/spring-data-commons-1.11.4.RELEASE.jar
7f1f2f60f000-7f1f2f615000 r--s 00039000 08:01 6424917                    /home/adamm/.m2/repository/org/springframework/data/spring-data-jpa/1.9.4.RELEASE/spring-data-jpa-1.9.4.RELEASE.jar
7f1f2f615000-7f1f2f617000 r--s 00006000 08:01 6424918                    /home/adamm/.m2/repository/javax/transaction/javax.transaction-api/1.2/javax.transaction-api-1.2.jar
7f1f2f617000-7f1f2f621000 r--s 000a5000 08:01 29100608                   /home/adamm/.m2/repository/org/javassist/javassist/3.18.1-GA/javassist-3.18.1-GA.jar
7f1f2f621000-7f1f2f626000 r--s 00017000 08:01 5899673                    /home/adamm/.m2/repository/org/hibernate/javax/persistence/hibernate-jpa-2.1-api/1.0.0.Final/hibernate-jpa-2.1-api-1.0.0.Final.jar
7f1f2f626000-7f1f2f629000 r--s 00010000 08:01 4981425                    /home/adamm/.m2/repository/org/hibernate/common/hibernate-commons-annotations/4.0.5.Final/hibernate-commons-annotations-4.0.5.Final.jar
7f1f2f629000-7f1f2f62e000 r--s 00016000 08:01 1311368                    /home/adamm/.m2/repository/xml-apis/xml-apis/1.0.b2/xml-apis-1.0.b2.jar
7f1f2f62e000-7f1f2f633000 r--s 00048000 08:01 1311366                    /home/adamm/.m2/repository/dom4j/dom4j/1.6.1/dom4j-1.6.1.jar
7f1f2f633000-7f1f2f635000 r--s 00011000 08:01 6161864                    /home/adamm/.m2/repository/org/jboss/jandex/1.1.0.Final/jandex-1.1.0.Final.jar
7f1f2f635000-7f1f2f63a000 r--s 00068000 08:01 6424274                    /home/adamm/.m2/repository/antlr/antlr/2.7.7/antlr-2.7.7.jar
7f1f2f63a000-7f1f2f698000 r--s 004ac000 08:01 4981424                    /home/adamm/.m2/repository/org/hibernate/hibernate-core/4.3.11.Final/hibernate-core-4.3.11.Final.jar
7f1f2f698000-7f1f2f69a000 r--s 0000f000 08:01 6425538                    /home/adamm/.m2/repository/org/jboss/logging/jboss-logging/3.3.0.Final/jboss-logging-3.3.0.Final.jar
7f1f2f69a000-7f1f2f6a8000 r--s 00091000 08:01 4981421                    /home/adamm/.m2/repository/org/hibernate/hibernate-entitymanager/4.3.11.Final/hibernate-entitymanager-4.3.11.Final.jar
7f1f2f6a8000-7f1f2f6b2000 r--s 0005e000 08:01 4981420                    /home/adamm/.m2/repository/org/springframework/spring-jdbc/4.2.5.RELEASE/spring-jdbc-4.2.5.RELEASE.jar
7f1f2f6b2000-7f1f2f6cb000 r--s 001af000 08:01 4981417                    /home/adamm/.m2/repository/org/aspectj/aspectjweaver/1.8.8/aspectjweaver-1.8.8.jar
7f1f2f6cb000-7f1f2f6dc000 r--s 000c6000 08:01 6425620                    /home/adamm/.m2/repository/org/springframework/spring-webmvc/4.2.5.RELEASE/spring-webmvc-4.2.5.RELEASE.jar
7f1f2f6dc000-7f1f2f6f5000 r--s 000f3000 08:01 6425554                    /home/adamm/.m2/repository/org/springframework/spring-context/4.2.5.RELEASE/spring-context-4.2.5.RELEASE.jar
7f1f2f6f5000-7f1f2f6f6000 ---p 00000000 00:00 0 
7f1f2f6f6000-7f1f2f7f6000 rw-p 00000000 00:00 0                          [stack:13285]
7f1f2f7f6000-7f1f2f7f9000 ---p 00000000 00:00 0 
7f1f2f7f9000-7f1f2f8f7000 rw-p 00000000 00:00 0                          [stack:13284]
7f1f2f8f7000-7f1f2f8fa000 ---p 00000000 00:00 0 
7f1f2f8fa000-7f1f2f9f8000 rw-p 00000000 00:00 0                          [stack:13278]
7f1f2f9f8000-7f1f2f9fb000 ---p 00000000 00:00 0 
7f1f2f9fb000-7f1f2faf9000 rw-p 00000000 00:00 0                          [stack:13277]
7f1f2faf9000-7f1f2fafc000 ---p 00000000 00:00 0 
7f1f2fafc000-7f1f2fbfa000 rw-p 00000000 00:00 0                          [stack:13276]
7f1f2fbfa000-7f1f2fbfd000 ---p 00000000 00:00 0 
7f1f2fbfd000-7f1f2fcfb000 rw-p 00000000 00:00 0                          [stack:13275]
7f1f2fcfb000-7f1f2fcfe000 ---p 00000000 00:00 0 
7f1f2fcfe000-7f1f2fdfc000 rw-p 00000000 00:00 0                          [stack:13274]
7f1f2fdfc000-7f1f2fe00000 r-xp 00000000 08:01 25299589                   /usr/lib/jvm/java-8-oracle/jre/lib/amd64/libdt_socket.so
7f1f2fe00000-7f1f2ffff000 ---p 00004000 08:01 25299589                   /usr/lib/jvm/java-8-oracle/jre/lib/amd64/libdt_socket.so
7f1f2ffff000-7f1f30000000 rw-p 00003000 08:01 25299589                   /usr/lib/jvm/java-8-oracle/jre/lib/amd64/libdt_socket.so
7f1f30000000-7f1f30021000 rw-p 00000000 00:00 0 
7f1f30021000-7f1f34000000 ---p 00000000 00:00 0 
7f1f34000000-7f1f34001000 r--s 00002000 08:01 6424915                    /home/adamm/.m2/repository/org/jboss/logging/jboss-logging-annotations/1.2.0.Beta1/jboss-logging-annotations-1.2.0.Beta1.jar
7f1f34001000-7f1f34002000 r--s 00009000 08:01 4981419                    /home/adamm/.m2/repository/org/apache/tomcat/tomcat-juli/8.0.32/tomcat-juli-8.0.32.jar
7f1f34002000-7f1f34005000 r--s 0001f000 08:01 4981418                    /home/adamm/.m2/repository/org/apache/tomcat/tomcat-jdbc/8.0.32/tomcat-jdbc-8.0.32.jar
7f1f34005000-7f1f34006000 r--s 00000000 08:01 6424911                    /home/adamm/.m2/repository/org/springframework/boot/spring-boot-starter-jdbc/1.3.3.RELEASE/spring-boot-starter-jdbc-1.3.3.RELEASE.jar
7f1f34006000-7f1f34007000 r--s 00000000 08:01 6424912                    /home/adamm/.m2/repository/org/springframework/boot/spring-boot-starter-aop/1.3.3.RELEASE/spring-boot-starter-aop-1.3.3.RELEASE.jar
7f1f34007000-7f1f3400c000 r--s 0003c000 08:01 6425557                    /home/adamm/.m2/repository/org/springframework/spring-expression/4.2.5.RELEASE/spring-expression-4.2.5.RELEASE.jar
7f1f3400c000-7f1f34019000 r--s 000a6000 08:01 6425553                    /home/adamm/.m2/repository/org/springframework/spring-beans/4.2.5.RELEASE/spring-beans-4.2.5.RELEASE.jar
7f1f34019000-7f1f3401b000 r--s 00000000 08:01 264564                     /home/adamm/.m2/repository/aopalliance/aopalliance/1.0/aopalliance-1.0.jar
7f1f3401b000-7f1f34024000 r--s 00052000 08:01 6425551                    /home/adamm/.m2/repository/org/springframework/spring-aop/4.2.5.RELEASE/spring-aop-4.2.5.RELEASE.jar
7f1f34024000-7f1f34035000 r--s 000ab000 08:01 6425550                    /home/adamm/.m2/repository/org/springframework/spring-web/4.2.5.RELEASE/spring-web-4.2.5.RELEASE.jar
7f1f34035000-7f1f34039000 r--s 0003c000 08:01 6425546                    /home/adamm/.m2/repository/com/fasterxml/jackson/core/jackson-core/2.6.5/jackson-core-2.6.5.jar
7f1f34039000-7f1f3403c000 r--s 00009000 08:01 6425541                    /home/adamm/.m2/repository/com/fasterxml/jackson/core/jackson-annotations/2.6.5/jackson-annotations-2.6.5.jar
7f1f3403c000-7f1f3404d000 r--s 0010d000 08:01 6425547                    /home/adamm/.m2/repository/com/fasterxml/jackson/core/jackson-databind/2.6.5/jackson-databind-2.6.5.jar
7f1f3404d000-7f1f3404f000 r--s 0000e000 08:01 6425539                    /home/adamm/.m2/repository/com/fasterxml/classmate/1.1.0/classmate-1.1.0.jar
7f1f3404f000-7f1f34053000 r--s 0000c000 08:01 1180863                    /home/adamm/.m2/repository/javax/validation/validation-api/1.1.0.Final/validation-api-1.1.0.Final.jar
7f1f34053000-7f1f34063000 r--s 0009c000 08:01 28320063                   /home/adamm/.m2/repository/org/hibernate/hibernate-validator/5.2.4.Final/hibernate-validator-5.2.4.Final.jar
7f1f34063000-7f1f34069000 r--s 00037000 08:01 6425532                    /home/adamm/.m2/repository/org/apache/tomcat/embed/tomcat-embed-websocket/8.0.32/tomcat-embed-websocket-8.0.32.jar
7f1f34069000-7f1f3406e000 r--s 00036000 08:01 6425529                    /home/adamm/.m2/repository/org/apache/tomcat/embed/tomcat-embed-el/8.0.32/tomcat-embed-el-8.0.32.jar
7f1f3406e000-7f1f34093000 r--s 00290000 08:01 6425530                    /home/adamm/.m2/repository/org/apache/tomcat/embed/tomcat-embed-core/8.0.32/tomcat-embed-core-8.0.32.jar
7f1f34093000-7f1f34099000 r--s 0003c000 08:01 28320061                   /home/adamm/.m2/repository/org/yaml/snakeyaml/1.16/snakeyaml-1.16.jar
7f1f34099000-7f1f340af000 r--s 000f2000 08:01 6425647                    /home/adamm/.m2/repository/org/springframework/spring-core/4.2.5.RELEASE/spring-core-4.2.5.RELEASE.jar
7f1f340af000-7f1f340b2000 ---p 00000000 00:00 0 
7f1f340b2000-7f1f38000000 rw-p 00000000 00:00 0                          [stack:13271]
7f1f38000000-7f1f38021000 rw-p 00000000 00:00 0 
7f1f38021000-7f1f3c000000 ---p 00000000 00:00 0 
7f1f3c000000-7f1f3c001000 r--s 00000000 08:01 6424909                    /home/adamm/.m2/repository/org/springframework/boot/spring-boot-starter-data-jpa/1.3.3.RELEASE/spring-boot-starter-data-jpa-1.3.3.RELEASE.jar
7f1f3c001000-7f1f3c002000 r--s 00000000 08:01 6425534                    /home/adamm/.m2/repository/org/springframework/boot/spring-boot-starter-validation/1.3.3.RELEASE/spring-boot-starter-validation-1.3.3.RELEASE.jar
7f1f3c002000-7f1f3c003000 r--s 00009000 08:01 6425531                    /home/adamm/.m2/repository/org/apache/tomcat/embed/tomcat-embed-logging-juli/8.0.32/tomcat-embed-logging-juli-8.0.32.jar
7f1f3c003000-7f1f3c005000 r--s 00004000 08:01 6425521                    /home/adamm/.m2/repository/org/slf4j/log4j-over-slf4j/1.7.16/log4j-over-slf4j-1.7.16.jar
7f1f3c005000-7f1f3c010000 r--s 00065000 08:01 6425517                    /home/adamm/.m2/repository/ch/qos/logback/logback-core/1.1.5/logback-core-1.1.5.jar
7f1f3c010000-7f1f3c016000 r--s 0003f000 08:01 6425513                    /home/adamm/.m2/repository/ch/qos/logback/logback-classic/1.1.5/logback-classic-1.1.5.jar
7f1f3c016000-7f1f3c02d000 r--s 000a2000 08:01 6425511                    /home/adamm/.m2/repository/org/springframework/boot/spring-boot-autoconfigure/1.3.3.RELEASE/spring-boot-autoconfigure-1.3.3.RELEASE.jar
7f1f3c02d000-7f1f3c03f000 r--s 00345000 08:01 25172449                   /usr/lib/jvm/java-8-oracle/jre/lib/resources.jar
7f1f3c03f000-7f1f3c052000 r--s 000d6000 08:01 25172429                   /usr/lib/jvm/java-8-oracle/jre/lib/plugin.jar
7f1f3c052000-7f1f3c06d000 r--s 00208000 08:01 25172444                   /usr/lib/jvm/java-8-oracle/jre/lib/deploy.jar
7f1f3c06d000-7f1f3c070000 ---p 00000000 00:00 0 
7f1f3c070000-7f1f3c16e000 rw-p 00000000 00:00 0                          [stack:13270]
7f1f3c16e000-7f1f3c171000 ---p 00000000 00:00 0 
7f1f3c171000-7f1f3c26f000 rw-p 00000000 00:00 0                          [stack:13260]
7f1f3c26f000-7f1f3c272000 ---p 00000000 00:00 0 
7f1f3c272000-7f1f3c370000 rw-p 00000000 00:00 0                          [stack:13259]
7f1f3c370000-7f1f3c371000 ---p 00000000 00:00 0 
7f1f3c371000-7f1f3d000000 rw-p 00000000 00:00 0                          [stack:13258]
7f1f3d000000-7f1f3d730000 rwxp 00000000 00:00 0 
7f1f3d730000-7f1f4c000000 ---p 00000000 00:00 0 
7f1f4c000000-7f1f4c911000 rw-p 00000000 00:00 0 
7f1f4c911000-7f1f50000000 ---p 00000000 00:00 0 
7f1f50000000-7f1f50001000 r--s 00000000 08:01 6425525                    /home/adamm/.m2/repository/org/springframework/boot/spring-boot-starter-tomcat/1.3.3.RELEASE/spring-boot-starter-tomcat-1.3.3.RELEASE.jar
7f1f50001000-7f1f5000f000 r--s 00078000 08:01 6425512                    /home/adamm/.m2/repository/org/springframework/boot/spring-boot/1.3.3.RELEASE/spring-boot-1.3.3.RELEASE.jar
7f1f5000f000-7f1f50462000 rw-p 00000000 00:00 0 
7f1f50462000-7f1f5063a000 r--s 03d1d000 08:01 25172438                   /usr/lib/jvm/java-8-oracle/jre/lib/rt.jar
7f1f5063a000-7f1f51295000 rw-p 00000000 00:00 0 
7f1f51295000-7f1f51296000 ---p 00000000 00:00 0 
7f1f51296000-7f1f51396000 rw-p 00000000 00:00 0                          [stack:13257]
7f1f51396000-7f1f51397000 ---p 00000000 00:00 0 
7f1f51397000-7f1f51497000 rw-p 00000000 00:00 0                          [stack:13256]
7f1f51497000-7f1f51498000 ---p 00000000 00:00 0 
7f1f51498000-7f1f51598000 rw-p 00000000 00:00 0                          [stack:13255]
7f1f51598000-7f1f51599000 ---p 00000000 00:00 0 
7f1f51599000-7f1f516c3000 rw-p 00000000 00:00 0                          [stack:13254]
7f1f516c3000-7f1f51932000 ---p 00000000 00:00 0 
7f1f51932000-7f1f5195c000 rw-p 00000000 00:00 0 
7f1f5195c000-7f1f51bca000 ---p 00000000 00:00 0 
7f1f51bca000-7f1f51c10000 rw-p 00000000 00:00 0 
7f1f51c10000-7f1f51d17000 ---p 00000000 00:00 0 
7f1f51d17000-7f1f51d35000 rw-p 00000000 00:00 0 
7f1f51d35000-7f1f520d8000 ---p 00000000 00:00 0 
7f1f520d8000-7f1f520f2000 r-xp 00000000 08:01 25299622                   /usr/lib/jvm/java-8-oracle/jre/lib/amd64/libzip.so
7f1f520f2000-7f1f522f2000 ---p 0001a000 08:01 25299622                   /usr/lib/jvm/java-8-oracle/jre/lib/amd64/libzip.so
7f1f522f2000-7f1f522f3000 rw-p 0001a000 08:01 25299622                   /usr/lib/jvm/java-8-oracle/jre/lib/amd64/libzip.so
7f1f522f3000-7f1f522ff000 r-xp 00000000 08:01 790945                     /lib/x86_64-linux-gnu/libnss_files-2.21.so
7f1f522ff000-7f1f524fe000 ---p 0000c000 08:01 790945                     /lib/x86_64-linux-gnu/libnss_files-2.21.so
7f1f524fe000-7f1f524ff000 r--p 0000b000 08:01 790945                     /lib/x86_64-linux-gnu/libnss_files-2.21.so
7f1f524ff000-7f1f52500000 rw-p 0000c000 08:01 790945                     /lib/x86_64-linux-gnu/libnss_files-2.21.so
7f1f52500000-7f1f5250b000 r-xp 00000000 08:01 790955                     /lib/x86_64-linux-gnu/libnss_nis-2.21.so
7f1f5250b000-7f1f5270a000 ---p 0000b000 08:01 790955                     /lib/x86_64-linux-gnu/libnss_nis-2.21.so
7f1f5270a000-7f1f5270b000 r--p 0000a000 08:01 790955                     /lib/x86_64-linux-gnu/libnss_nis-2.21.so
7f1f5270b000-7f1f5270c000 rw-p 0000b000 08:01 790955                     /lib/x86_64-linux-gnu/libnss_nis-2.21.so
7f1f5270c000-7f1f52723000 r-xp 00000000 08:01 790939                     /lib/x86_64-linux-gnu/libnsl-2.21.so
7f1f52723000-7f1f52922000 ---p 00017000 08:01 790939                     /lib/x86_64-linux-gnu/libnsl-2.21.so
7f1f52922000-7f1f52923000 r--p 00016000 08:01 790939                     /lib/x86_64-linux-gnu/libnsl-2.21.so
7f1f52923000-7f1f52924000 rw-p 00017000 08:01 790939                     /lib/x86_64-linux-gnu/libnsl-2.21.so
7f1f52924000-7f1f52926000 rw-p 00000000 00:00 0 
7f1f52926000-7f1f5292e000 r-xp 00000000 08:01 790941                     /lib/x86_64-linux-gnu/libnss_compat-2.21.so
7f1f5292e000-7f1f52b2d000 ---p 00008000 08:01 790941                     /lib/x86_64-linux-gnu/libnss_compat-2.21.so
7f1f52b2d000-7f1f52b2e000 r--p 00007000 08:01 790941                     /lib/x86_64-linux-gnu/libnss_compat-2.21.so
7f1f52b2e000-7f1f52b2f000 rw-p 00008000 08:01 790941                     /lib/x86_64-linux-gnu/libnss_compat-2.21.so
7f1f52b2f000-7f1f53212000 r--p 00000000 08:01 24910912                   /usr/lib/locale/locale-archive
7f1f53212000-7f1f53214000 r-xp 00000000 08:01 25299602                   /usr/lib/jvm/java-8-oracle/jre/lib/amd64/libnpt.so
7f1f53214000-7f1f53414000 ---p 00002000 08:01 25299602                   /usr/lib/jvm/java-8-oracle/jre/lib/amd64/libnpt.so
7f1f53414000-7f1f53415000 rw-p 00002000 08:01 25299602                   /usr/lib/jvm/java-8-oracle/jre/lib/amd64/libnpt.so
7f1f53415000-7f1f5344e000 r-xp 00000000 08:01 25299609                   /usr/lib/jvm/java-8-oracle/jre/lib/amd64/libjdwp.so
7f1f5344e000-7f1f5364d000 ---p 00039000 08:01 25299609                   /usr/lib/jvm/java-8-oracle/jre/lib/amd64/libjdwp.so
7f1f5364d000-7f1f5364f000 rw-p 00038000 08:01 25299609                   /usr/lib/jvm/java-8-oracle/jre/lib/amd64/libjdwp.so
7f1f5364f000-7f1f53679000 r-xp 00000000 08:01 25299598                   /usr/lib/jvm/java-8-oracle/jre/lib/amd64/libjava.so
7f1f53679000-7f1f53879000 ---p 0002a000 08:01 25299598                   /usr/lib/jvm/java-8-oracle/jre/lib/amd64/libjava.so
7f1f53879000-7f1f5387b000 rw-p 0002a000 08:01 25299598                   /usr/lib/jvm/java-8-oracle/jre/lib/amd64/libjava.so
7f1f5387b000-7f1f53888000 r-xp 00000000 08:01 25299615                   /usr/lib/jvm/java-8-oracle/jre/lib/amd64/libverify.so
7f1f53888000-7f1f53a88000 ---p 0000d000 08:01 25299615                   /usr/lib/jvm/java-8-oracle/jre/lib/amd64/libverify.so
7f1f53a88000-7f1f53a8a000 rw-p 0000d000 08:01 25299615                   /usr/lib/jvm/java-8-oracle/jre/lib/amd64/libverify.so
7f1f53a8a000-7f1f53a91000 r-xp 00000000 08:01 791000                     /lib/x86_64-linux-gnu/librt-2.21.so
7f1f53a91000-7f1f53c90000 ---p 00007000 08:01 791000                     /lib/x86_64-linux-gnu/librt-2.21.so
7f1f53c90000-7f1f53c91000 r--p 00006000 08:01 791000                     /lib/x86_64-linux-gnu/librt-2.21.so
7f1f53c91000-7f1f53c92000 rw-p 00007000 08:01 791000                     /lib/x86_64-linux-gnu/librt-2.21.so
7f1f53c92000-7f1f53d99000 r-xp 00000000 08:01 790918                     /lib/x86_64-linux-gnu/libm-2.21.so
7f1f53d99000-7f1f53f98000 ---p 00107000 08:01 790918                     /lib/x86_64-linux-gnu/libm-2.21.so
7f1f53f98000-7f1f53f99000 r--p 00106000 08:01 790918                     /lib/x86_64-linux-gnu/libm-2.21.so
7f1f53f99000-7f1f53f9a000 rw-p 00107000 08:01 790918                     /lib/x86_64-linux-gnu/libm-2.21.so
7f1f53f9a000-7f1f54c59000 r-xp 00000000 08:01 25299640                   /usr/lib/jvm/java-8-oracle/jre/lib/amd64/server/libjvm.so
7f1f54c59000-7f1f54e58000 ---p 00cbf000 08:01 25299640                   /usr/lib/jvm/java-8-oracle/jre/lib/amd64/server/libjvm.so
7f1f54e58000-7f1f54f31000 rw-p 00cbe000 08:01 25299640                   /usr/lib/jvm/java-8-oracle/jre/lib/amd64/server/libjvm.so
7f1f54f31000-7f1f54f7a000 rw-p 00000000 00:00 0 
7f1f54f7a000-7f1f5513a000 r-xp 00000000 08:01 790856                     /lib/x86_64-linux-gnu/libc-2.21.so
7f1f5513a000-7f1f5533a000 ---p 001c0000 08:01 790856                     /lib/x86_64-linux-gnu/libc-2.21.so
7f1f5533a000-7f1f5533e000 r--p 001c0000 08:01 790856                     /lib/x86_64-linux-gnu/libc-2.21.so
7f1f5533e000-7f1f55340000 rw-p 001c4000 08:01 790856                     /lib/x86_64-linux-gnu/libc-2.21.so
7f1f55340000-7f1f55344000 rw-p 00000000 00:00 0 
7f1f55344000-7f1f55347000 r-xp 00000000 08:01 790875                     /lib/x86_64-linux-gnu/libdl-2.21.so
7f1f55347000-7f1f55546000 ---p 00003000 08:01 790875                     /lib/x86_64-linux-gnu/libdl-2.21.so
7f1f55546000-7f1f55547000 r--p 00002000 08:01 790875                     /lib/x86_64-linux-gnu/libdl-2.21.so
7f1f55547000-7f1f55548000 rw-p 00003000 08:01 790875                     /lib/x86_64-linux-gnu/libdl-2.21.so
7f1f55548000-7f1f5555d000 r-xp 00000000 08:01 25170661                   /usr/lib/jvm/java-8-oracle/lib/amd64/jli/libjli.so
7f1f5555d000-7f1f5575d000 ---p 00015000 08:01 25170661                   /usr/lib/jvm/java-8-oracle/lib/amd64/jli/libjli.so
7f1f5575d000-7f1f5575e000 rw-p 00015000 08:01 25170661                   /usr/lib/jvm/java-8-oracle/lib/amd64/jli/libjli.so
7f1f5575e000-7f1f55776000 r-xp 00000000 08:01 790992                     /lib/x86_64-linux-gnu/libpthread-2.21.so
7f1f55776000-7f1f55976000 ---p 00018000 08:01 790992                     /lib/x86_64-linux-gnu/libpthread-2.21.so
7f1f55976000-7f1f55977000 r--p 00018000 08:01 790992                     /lib/x86_64-linux-gnu/libpthread-2.21.so
7f1f55977000-7f1f55978000 rw-p 00019000 08:01 790992                     /lib/x86_64-linux-gnu/libpthread-2.21.so
7f1f55978000-7f1f5597c000 rw-p 00000000 00:00 0 
7f1f5597c000-7f1f559a0000 r-xp 00000000 08:01 790828                     /lib/x86_64-linux-gnu/ld-2.21.so
7f1f559a0000-7f1f559a2000 r--s 00000000 08:01 6425520                    /home/adamm/.m2/repository/org/slf4j/jul-to-slf4j/1.7.16/jul-to-slf4j-1.7.16.jar
7f1f559a2000-7f1f559a3000 r--s 00000000 08:01 6425510                    /home/adamm/.m2/repository/org/springframework/boot/spring-boot-starter-logging/1.3.3.RELEASE/spring-boot-starter-logging-1.3.3.RELEASE.jar
7f1f559a3000-7f1f559a4000 r--s 00000000 08:01 6425509                    /home/adamm/.m2/repository/org/springframework/boot/spring-boot-starter/1.3.3.RELEASE/spring-boot-starter-1.3.3.RELEASE.jar
7f1f559a4000-7f1f559a5000 r--s 00000000 08:01 6425619                    /home/adamm/.m2/repository/org/springframework/boot/spring-boot-starter-web/1.3.3.RELEASE/spring-boot-starter-web-1.3.3.RELEASE.jar
7f1f559a5000-7f1f559a9000 r--s 00097000 08:01 25172441                   /usr/lib/jvm/java-8-oracle/jre/lib/jsse.jar
7f1f559a9000-7f1f559ae000 r--s 00084000 08:01 25172439                   /usr/lib/jvm/java-8-oracle/jre/lib/jfr.jar
7f1f559ae000-7f1f55a79000 rw-p 00000000 00:00 0 
7f1f55a79000-7f1f55a7c000 ---p 00000000 00:00 0 
7f1f55a7c000-7f1f55b7e000 rw-p 00000000 00:00 0                          [stack:13253]
7f1f55b7e000-7f1f55b7f000 r--s 00000000 08:01 25172435                   /usr/lib/jvm/java-8-oracle/jre/lib/management-agent.jar
7f1f55b7f000-7f1f55b81000 r--s 00007000 08:01 25172452                   /usr/lib/jvm/java-8-oracle/jre/lib/jfxswt.jar
7f1f55b81000-7f1f55b84000 r--s 0001a000 08:01 25172431                   /usr/lib/jvm/java-8-oracle/jre/lib/jce.jar
7f1f55b84000-7f1f55b8d000 r--s 0006c000 08:01 25172423                   /usr/lib/jvm/java-8-oracle/jre/lib/javaws.jar
7f1f55b8d000-7f1f55b93000 r--s 002f8000 08:01 25172430                   /usr/lib/jvm/java-8-oracle/jre/lib/charsets.jar
7f1f55b93000-7f1f55b9b000 rw-s 00000000 08:01 4195535                    /tmp/hsperfdata_adamm/13252
7f1f55b9b000-7f1f55b9c000 rw-p 00000000 00:00 0 
7f1f55b9c000-7f1f55b9d000 r--p 00000000 00:00 0 
7f1f55b9d000-7f1f55b9f000 rw-p 00000000 00:00 0 
7f1f55b9f000-7f1f55ba0000 r--p 00023000 08:01 790828                     /lib/x86_64-linux-gnu/ld-2.21.so
7f1f55ba0000-7f1f55ba1000 rw-p 00024000 08:01 790828                     /lib/x86_64-linux-gnu/ld-2.21.so
7f1f55ba1000-7f1f55ba2000 rw-p 00000000 00:00 0 
7ffee31c2000-7ffee31e5000 rw-p 00000000 00:00 0                          [stack]
7ffee31f8000-7ffee31fa000 r--p 00000000 00:00 0                          [vvar]
7ffee31fa000-7ffee31fc000 r-xp 00000000 00:00 0                          [vdso]
ffffffffff600000-ffffffffff601000 r-xp 00000000 00:00 0                  [vsyscall]

VM Arguments:
jvm_args: -agentlib:jdwp=transport=dt_socket,address=127.0.0.1:44887,suspend=y,server=n -Dfile.encoding=UTF-8 
java_command: com.usermanagement.Application
java_class_path (initial): /usr/lib/jvm/java-8-oracle/jre/lib/charsets.jar:/usr/lib/jvm/java-8-oracle/jre/lib/deploy.jar:/usr/lib/jvm/java-8-oracle/jre/lib/ext/cldrdata.jar:/usr/lib/jvm/java-8-oracle/jre/lib/ext/dnsns.jar:/usr/lib/jvm/java-8-oracle/jre/lib/ext/jaccess.jar:/usr/lib/jvm/java-8-oracle/jre/lib/ext/jfxrt.jar:/usr/lib/jvm/java-8-oracle/jre/lib/ext/localedata.jar:/usr/lib/jvm/java-8-oracle/jre/lib/ext/nashorn.jar:/usr/lib/jvm/java-8-oracle/jre/lib/ext/sunec.jar:/usr/lib/jvm/java-8-oracle/jre/lib/ext/sunjce_provider.jar:/usr/lib/jvm/java-8-oracle/jre/lib/ext/sunpkcs11.jar:/usr/lib/jvm/java-8-oracle/jre/lib/ext/zipfs.jar:/usr/lib/jvm/java-8-oracle/jre/lib/javaws.jar:/usr/lib/jvm/java-8-oracle/jre/lib/jce.jar:/usr/lib/jvm/java-8-oracle/jre/lib/jfr.jar:/usr/lib/jvm/java-8-oracle/jre/lib/jfxswt.jar:/usr/lib/jvm/java-8-oracle/jre/lib/jsse.jar:/usr/lib/jvm/java-8-oracle/jre/lib/management-agent.jar:/usr/lib/jvm/java-8-oracle/jre/lib/plugin.jar:/usr/lib/jvm/java-8-oracle/jre/lib/resources.jar:/usr/lib/jvm/java-8-oracle/jre/lib/rt.jar:/home/adamm/Desktop/usermanagement/target/classes:/home/adamm/.m2/repository/org/springframework/boot/spring-boot-starter-web/1.3.3.RELEASE/spring-boot-starter-web-1.3.3.RELEASE.jar:/home/adamm/.m2/repository/org/springframework/boot/spring-boot-starter/1.3.3.RELEASE/spring-boot-starter-1.3.3.RELEASE.jar:/home/adamm/.m2/repository/org/springframework/boot/spring-boot/1.3.3.RELEASE/spring-boot-1.3.3.RELEASE.jar:/home/adamm/.m2/repository/org/springframework/boot/spring-boot-autoconfigure/1.3.3.RELEASE/spring-boot-autoconfigure-1.3.3.RELEASE.jar:/home/adamm/.m2/repository/org/springframework/boot/spring-boot-starter-logging/1.3.3.RELEASE/spring-boot-starter-logging-1.3.3.RELEASE.jar:/home/adamm/.m2/repository/ch/qos/logback/logback-classic/1.1.5/logback-classic-1.1.5.jar:/home/adamm/.m2/repository/ch/qos/logback/logback-core/1.1.5/logback-core-1.1.5.jar:/home/adamm/.m2/repository/org/slf4j/jul-to-slf4j/1.7.16/jul-to-slf4j-1.7.16.jar:/
Launcher Type: SUN_STANDARD

Environment Variables:
PATH=/usr/local/sbin:/usr/local/bin:/usr/sbin:/usr/bin:/sbin:/bin:/usr/games:/usr/local/games
LD_LIBRARY_PATH=.:
SHELL=/bin/bash
DISPLAY=:0

Signal Handlers:
SIGSEGV: [libjvm.so+0xabb070], sa_mask[0]=11111111011111111101111111111110, sa_flags=SA_RESTART|SA_SIGINFO
SIGBUS: [libjvm.so+0xabb070], sa_mask[0]=11111111011111111101111111111110, sa_flags=SA_RESTART|SA_SIGINFO
SIGFPE: [libjvm.so+0x918480], sa_mask[0]=11111111011111111101111111111110, sa_flags=SA_RESTART|SA_SIGINFO
SIGPIPE: [libjvm.so+0x918480], sa_mask[0]=11111111011111111101111111111110, sa_flags=SA_RESTART|SA_SIGINFO
SIGXFSZ: [libjvm.so+0x918480], sa_mask[0]=11111111011111111101111111111110, sa_flags=SA_RESTART|SA_SIGINFO
SIGILL: [libjvm.so+0x918480], sa_mask[0]=11111111011111111101111111111110, sa_flags=SA_RESTART|SA_SIGINFO
SIGUSR1: SIG_DFL, sa_mask[0]=00000000000000000000000000000000, sa_flags=none
SIGUSR2: [libjvm.so+0x919ab0], sa_mask[0]=00100000000000000000000000000000, sa_flags=SA_RESTART|SA_SIGINFO
SIGHUP: [libjvm.so+0x91aeb0], sa_mask[0]=11111111011111111101111111111110, sa_flags=SA_RESTART|SA_SIGINFO
SIGINT: [libjvm.so+0x91aeb0], sa_mask[0]=11111111011111111101111111111110, sa_flags=SA_RESTART|SA_SIGINFO
SIGTERM: [libjvm.so+0x91aeb0], sa_mask[0]=11111111011111111101111111111110, sa_flags=SA_RESTART|SA_SIGINFO
SIGQUIT: [libjvm.so+0x91aeb0], sa_mask[0]=11111111011111111101111111111110, sa_flags=SA_RESTART|SA_SIGINFO


---------------  S Y S T E M  ---------------

OS:DISTRIB_ID=Ubuntu
DISTRIB_RELEASE=15.10
DISTRIB_CODENAME=wily
DISTRIB_DESCRIPTION="Ubuntu 15.10"

uname:Linux 4.2.0-25-generic #30-Ubuntu SMP Mon Jan 18 12:31:50 UTC 2016 x86_64
libc:glibc 2.21 NPTL 2.21 
rlimit: STACK 8192k, CORE 0k, NPROC 31757, NOFILE 65536, AS infinity
load average:1.31 1.20 1.05

/proc/meminfo:
MemTotal:        8164496 kB
MemFree:         1995040 kB
MemAvailable:    3943968 kB
Buffers:          252012 kB
Cached:          1666724 kB
SwapCached:            0 kB
Active:          4842196 kB
Inactive:         862040 kB
Active(anon):    3787212 kB
Inactive(anon):    83228 kB
Active(file):    1054984 kB
Inactive(file):   778812 kB
Unevictable:         104 kB
Mlocked:             104 kB
SwapTotal:       8375292 kB
SwapFree:        8375292 kB
Dirty:             11364 kB
Writeback:             0 kB
AnonPages:       3785504 kB
Mapped:           496688 kB
Shmem:             84944 kB
Slab:             200108 kB
SReclaimable:     157684 kB
SUnreclaim:        42424 kB
KernelStack:       13232 kB
PageTables:        52304 kB
NFS_Unstable:          0 kB
Bounce:                0 kB
WritebackTmp:          0 kB
CommitLimit:    12457540 kB
Committed_AS:    9681652 kB
VmallocTotal:   34359738367 kB
VmallocUsed:       96716 kB
VmallocChunk:   34359537660 kB
HardwareCorrupted:     0 kB
AnonHugePages:   2209792 kB
CmaTotal:              0 kB
CmaFree:               0 kB
HugePages_Total:       0
HugePages_Free:        0
HugePages_Rsvd:        0
HugePages_Surp:        0
Hugepagesize:       2048 kB
DirectMap4k:      257140 kB
DirectMap2M:     8120320 kB


CPU:total 4 (4 cores per cpu, 1 threads per core) family 6 model 23 stepping 7, cmov, cx8, fxsr, mmx, sse, sse2, sse3, ssse3, sse4.1, tsc

/proc/cpuinfo:
processor	: 0
vendor_id	: GenuineIntel
cpu family	: 6
model		: 23
model name	: Intel(R) Core(TM)2 Quad  CPU   Q8200  @ 2.33GHz
stepping	: 7
microcode	: 0x70a
cpu MHz		: 2331.000
cache size	: 2048 KB
physical id	: 0
siblings	: 4
core id		: 0
cpu cores	: 4
apicid		: 0
initial apicid	: 0
fpu		: yes
fpu_exception	: yes
cpuid level	: 10
wp		: yes
flags		: fpu vme de pse tsc msr pae mce cx8 apic sep mtrr pge mca cmov pat pse36 clflush dts acpi mmx fxsr sse sse2 ss ht tm pbe syscall nx lm constant_tsc arch_perfmon pebs bts rep_good nopl aperfmperf pni dtes64 monitor ds_cpl est tm2 ssse3 cx16 xtpr pdcm sse4_1 lahf_lm dtherm
bugs		:
bogomips	: 4666.78
clflush size	: 64
cache_alignment	: 64
address sizes	: 36 bits physical, 48 bits virtual
power management:

processor	: 1
vendor_id	: GenuineIntel
cpu family	: 6
model		: 23
model name	: Intel(R) Core(TM)2 Quad  CPU   Q8200  @ 2.33GHz
stepping	: 7
microcode	: 0x70a
cpu MHz		: 2331.000
cache size	: 2048 KB
physical id	: 0
siblings	: 4
core id		: 1
cpu cores	: 4
apicid		: 1
initial apicid	: 1
fpu		: yes
fpu_exception	: yes
cpuid level	: 10
wp		: yes
flags		: fpu vme de pse tsc msr pae mce cx8 apic sep mtrr pge mca cmov pat pse36 clflush dts acpi mmx fxsr sse sse2 ss ht tm pbe syscall nx lm constant_tsc arch_perfmon pebs bts rep_good nopl aperfmperf pni dtes64 monitor ds_cpl est tm2 ssse3 cx16 xtpr pdcm sse4_1 lahf_lm dtherm
bugs		:
bogomips	: 4666.78
clflush size	: 64
cache_alignment	: 64
address sizes	: 36 bits physical, 48 bits virtual
power management:

processor	: 2
vendor_id	: GenuineIntel
cpu family	: 6
model		: 23
model name	: Intel(R) Core(TM)2 Quad  CPU   Q8200  @ 2.33GHz
stepping	: 7
microcode	: 0x70a
cpu MHz		: 2331.000
cache size	: 2048 KB
physical id	: 0
siblings	: 4
core id		: 2
cpu cores	: 4
apicid		: 2
initial apicid	: 2
fpu		: yes
fpu_exception	: yes
cpuid level	: 10
wp		: yes
flags		: fpu vme de pse tsc msr pae mce cx8 apic sep mtrr pge mca cmov pat pse36 clflush dts acpi mmx fxsr sse sse2 ss ht tm pbe syscall nx lm constant_tsc arch_perfmon pebs bts rep_good nopl aperfmperf pni dtes64 monitor ds_cpl est tm2 ssse3 cx16 xtpr pdcm sse4_1 lahf_lm dtherm
bugs		:
bogomips	: 4666.78
clflush size	: 64
cache_alignment	: 64
address sizes	: 36 bits physical, 48 bits virtual
power management:

processor	: 3
vendor_id	: GenuineIntel
cpu family	: 6
model		: 23
model name	: Intel(R) Core(TM)2 Quad  CPU   Q8200  @ 2.33GHz
stepping	: 7
microcode	: 0x70a
cpu MHz		: 2331.000
cache size	: 2048 KB
physical id	: 0
siblings	: 4
core id		: 3
cpu cores	: 4
apicid		: 3
initial apicid	: 3
fpu		: yes
fpu_exception	: yes
cpuid level	: 10
wp		: yes
flags		: fpu vme de pse tsc msr pae mce cx8 apic sep mtrr pge mca cmov pat pse36 clflush dts acpi mmx fxsr sse sse2 ss ht tm pbe syscall nx lm constant_tsc arch_perfmon pebs bts rep_good nopl aperfmperf pni dtes64 monitor ds_cpl est tm2 ssse3 cx16 xtpr pdcm sse4_1 lahf_lm dtherm
bugs		:
bogomips	: 4666.78
clflush size	: 64
cache_alignment	: 64
address sizes	: 36 bits physical, 48 bits virtual
power management:



Memory: 4k page, physical 8164496k(1995040k free), swap 8375292k(8375292k free)

vm_info: Java HotSpot(TM) 64-Bit Server VM (25.72-b15) for linux-amd64 JRE (1.8.0_72-b15), built on Dec 22 2015 22:00:07 by "java_re" with gcc 4.3.0 20080428 (Red Hat 4.3.0-8)

time: Tue Mar 22 16:19:58 2016
elapsed time: 3 seconds (0d 0h 0m 3s)

